{
  "stats": {
    "suites": 1,
    "tests": 2,
    "passes": 2,
    "pending": 0,
    "failures": 0,
    "start": "2025-01-24T21:38:24.111Z",
    "end": "2025-01-24T21:38:42.313Z",
    "duration": 18202,
    "testsRegistered": 2,
    "passPercent": 100,
    "pendingPercent": 0,
    "other": 0,
    "hasOther": false,
    "skipped": 0,
    "hasSkipped": false
  },
  "results": [
    {
      "uuid": "2c576ba6-38b8-42bd-9f5e-cf61f93072d0",
      "title": "",
      "fullFile": "cypress\\e2e\\HooksTest.cy.js",
      "file": "cypress\\e2e\\HooksTest.cy.js",
      "beforeHooks": [],
      "afterHooks": [],
      "tests": [],
      "suites": [
        {
          "uuid": "2298acb4-029e-44d0-9198-ec82d716a782",
          "title": "Hooks Test Suite",
          "fullFile": "",
          "file": "",
          "beforeHooks": [],
          "afterHooks": [],
          "tests": [
            {
              "title": "Hook Test 1",
              "fullTitle": "Hooks Test Suite Hook Test 1",
              "timedOut": null,
              "duration": 8703,
              "state": "passed",
              "speed": "medium",
              "pass": true,
              "fail": false,
              "pending": false,
              "context": null,
              "code": "cy.get('input[name=\"q\"]').eq(1).then(element => {\n  cy.log('Text from Nairaland 1: ' + element.text());\n});",
              "err": {},
              "uuid": "9382196f-6cb1-466e-8ce1-2216ad915b26",
              "parentUUID": "2298acb4-029e-44d0-9198-ec82d716a782",
              "isHook": false,
              "skipped": false
            },
            {
              "title": "Hook Test 2",
              "fullTitle": "Hooks Test Suite Hook Test 2",
              "timedOut": null,
              "duration": 2015,
              "state": "passed",
              "speed": "fast",
              "pass": true,
              "fail": false,
              "pending": false,
              "context": null,
              "code": "cy.get('input[name=\"q\"]').eq(1).then(element => {\n  cy.log('Text from Nairaland 2: ' + element.text());\n});",
              "err": {},
              "uuid": "5d3795a3-0706-45b8-a74d-d2ae5edf0639",
              "parentUUID": "2298acb4-029e-44d0-9198-ec82d716a782",
              "isHook": false,
              "skipped": false
            }
          ],
          "suites": [],
          "passes": [
            "9382196f-6cb1-466e-8ce1-2216ad915b26",
            "5d3795a3-0706-45b8-a74d-d2ae5edf0639"
          ],
          "failures": [],
          "pending": [],
          "skipped": [],
          "duration": 10718,
          "root": false,
          "rootEmpty": false,
          "_timeout": 2000
        }
      ],
      "passes": [],
      "failures": [],
      "pending": [],
      "skipped": [],
      "duration": 0,
      "root": true,
      "rootEmpty": true,
      "_timeout": 2000
    }
  ],
  "meta": {
    "mocha": {
      "version": "7.0.1"
    },
    "mochawesome": {
      "options": {
        "quiet": false,
        "reportFilename": "mochawesome",
        "saveHtml": false,
        "saveJson": true,
        "consoleReporter": "spec",
        "useInlineDiffs": false,
        "code": true
      },
      "version": "7.1.3"
    },
    "marge": {
      "options": {
        "overwrite": false,
        "html": false,
        "json": true,
        "reportDir": "cypress\\reports\\html\\.jsons"
      },
      "version": "6.2.0"
    }
  }
}