{
  "stats": {
    "suites": 1,
    "tests": 1,
    "passes": 0,
    "pending": 0,
    "failures": 1,
    "start": "2025-01-24T21:38:47.135Z",
    "end": "2025-01-24T21:39:01.464Z",
    "duration": 14329,
    "testsRegistered": 1,
    "passPercent": 0,
    "pendingPercent": 0,
    "other": 0,
    "hasOther": false,
    "skipped": 0,
    "hasSkipped": false
  },
  "results": [
    {
      "uuid": "cdf08420-84cd-4af8-a89b-9905574312ff",
      "title": "",
      "fullFile": "cypress\\e2e\\IframeTest.cy.js",
      "file": "cypress\\e2e\\IframeTest.cy.js",
      "beforeHooks": [],
      "afterHooks": [],
      "tests": [],
      "suites": [
        {
          "uuid": "b6d9d25a-453e-45f7-83d5-321363e72f94",
          "title": "Iframe Test Suits",
          "fullFile": "",
          "file": "",
          "beforeHooks": [],
          "afterHooks": [],
          "tests": [
            {
              "title": "Iframe Test",
              "fullTitle": "Iframe Test Suits Iframe Test",
              "timedOut": null,
              "duration": 14178,
              "state": "failed",
              "speed": null,
              "pass": false,
              "fail": true,
              "pending": false,
              "context": "{\n  \"title\": \"cypress-mochawesome-reporter-screenshots\",\n  \"value\": [\n    [\n      \"\\\\IframeTest.cy.js\\\\Iframe Test Suits -- Iframe Test (failed).png\"\n    ]\n  ]\n}",
              "code": "cy.visit('./iframesdemo.html');\ncy.frameLoaded('#buttonframe'); //frame name\ncy.iframe().get('button[class=\"navbar-toggler\"]').click();",
              "err": {
                "message": "AssertionError: Timed out retrying after 4000ms: Expected to find element: `button[class=\"navbar-toggler\"]`, but never found it.",
                "estack": "AssertionError: Timed out retrying after 4000ms: Expected to find element: `button[class=\"navbar-toggler\"]`, but never found it.\n    at Context.eval (webpack://cypress-test/./cypress/e2e/IframeTest.cy.js:11:16)",
                "diff": null
              },
              "uuid": "df4004ad-ba1b-4cce-9646-35c333f85a12",
              "parentUUID": "b6d9d25a-453e-45f7-83d5-321363e72f94",
              "isHook": false,
              "skipped": false
            }
          ],
          "suites": [],
          "passes": [],
          "failures": [
            "df4004ad-ba1b-4cce-9646-35c333f85a12"
          ],
          "pending": [],
          "skipped": [],
          "duration": 14178,
          "root": false,
          "rootEmpty": false,
          "_timeout": 2000
        }
      ],
      "passes": [],
      "failures": [],
      "pending": [],
      "skipped": [],
      "duration": 0,
      "root": true,
      "rootEmpty": true,
      "_timeout": 2000
    }
  ],
  "meta": {
    "mocha": {
      "version": "7.0.1"
    },
    "mochawesome": {
      "options": {
        "quiet": false,
        "reportFilename": "mochawesome",
        "saveHtml": false,
        "saveJson": true,
        "consoleReporter": "spec",
        "useInlineDiffs": false,
        "code": true
      },
      "version": "7.1.3"
    },
    "marge": {
      "options": {
        "overwrite": false,
        "html": false,
        "json": true,
        "reportDir": "cypress\\reports\\html\\.jsons"
      },
      "version": "6.2.0"
    }
  }
}